e:\edu\ood\ood2024\lw1\lw1\x64\debug\vc143.pdb
e:\edu\ood\ood2024\lw1\lw1\x64\debug\vc143.idb
e:\edu\ood\ood2024\lw1\lw1\x64\debug\toolbar.obj
e:\edu\ood\ood2024\lw1\lw1\x64\debug\shapecreator.obj
e:\edu\ood\ood2024\lw1\lw1\x64\debug\savecommand.obj
e:\edu\ood\ood2024\lw1\lw1\x64\debug\main.obj
e:\edu\ood\ood2024\lw1\lw1\x64\debug\loadcommand.obj
e:\edu\ood\ood2024\lw1\lw1\x64\debug\handlers.obj
e:\edu\ood\ood2024\lw1\lw1\x64\debug\filemanager.obj
e:\edu\ood\ood2024\lw1\lw1\x64\debug\circledecorator.obj
e:\edu\ood\ood2024\lw1\lw1\x64\debug\builders.obj
e:\edu\ood\ood2024\lw1\lw1\x64\debug\application.obj
e:\edu\ood\ood2024\lw1\lw1\x64\debug\toolbarbutton.obj
e:\edu\ood\ood2024\lw1\x64\debug\lw1.exe
e:\edu\ood\ood2024\lw1\x64\debug\lw1.pdb
e:\edu\ood\ood2024\lw1\lw1\x64\debug\lw1.ilk
e:\edu\ood\ood2024\lw1\lw1\x64\debug\lw1.tlog\cl.command.1.tlog
e:\edu\ood\ood2024\lw1\lw1\x64\debug\lw1.tlog\cl.items.tlog
e:\edu\ood\ood2024\lw1\lw1\x64\debug\lw1.tlog\cl.read.1.tlog
e:\edu\ood\ood2024\lw1\lw1\x64\debug\lw1.tlog\cl.write.1.tlog
e:\edu\ood\ood2024\lw1\lw1\x64\debug\lw1.tlog\link.command.1.tlog
e:\edu\ood\ood2024\lw1\lw1\x64\debug\lw1.tlog\link.read.1.tlog
e:\edu\ood\ood2024\lw1\lw1\x64\debug\lw1.tlog\link.secondary.1.tlog
e:\edu\ood\ood2024\lw1\lw1\x64\debug\lw1.tlog\link.write.1.tlog
